0 info it worked if it ends with ok
1 verbose cli [ 'C:\\Program Files\\nodejs\\node.exe',
1 verbose cli   'C:\\Program Files\\nodejs\\node_modules\\npm\\bin\\npm-cli.js',
1 verbose cli   'start' ]
2 info using npm@3.10.10
3 info using node@v6.10.0
4 verbose run-script [ 'prestart', 'start', 'poststart' ]
5 info lifecycle recruiterbox@1.0.0~prestart: recruiterbox@1.0.0
6 silly lifecycle recruiterbox@1.0.0~prestart: no script for prestart, continuing
7 info lifecycle recruiterbox@1.0.0~start: recruiterbox@1.0.0
8 verbose lifecycle recruiterbox@1.0.0~start: unsafe-perm in lifecycle true
9 verbose lifecycle recruiterbox@1.0.0~start: PATH: C:\Program Files\nodejs\node_modules\npm\bin\node-gyp-bin;D:\New folder (5)\node_modules\.bin;C:\ProgramData\Oracle\Java\javapath;C:\Windows\system32;C:\Windows;C:\Windows\System32\Wbem;C:\Windows\System32\WindowsPowerShell\v1.0\;C:\Program Files\Microsoft SQL Server\130\Tools\Binn\;C:\Program Files\TortoiseSVN\bin;C:\Users\SaoSrija.AP\AppData\Local\Programs\Python\Python35;C:\Users\SaoSrija.AP\AppData\Local\Programs\Python\Python35\Scripts;C:\Program Files\Git\cmd;C:\Program Files\Microsoft SQL Server\120\Tools\Binn\;C:\Program Files (x86)\Windows Kits\10\Windows Performance Toolkit\;C:\Program Files\nodejs\;C:\Program Files\Intel\WiFi\bin\;C:\Program Files\Common Files\Intel\WirelessCommon\;C:\Program Files\Git;C:\Users\SaoSrija.AP\AppData\Roaming\npm;C:\Program Files (x86)\Microsoft VS Code\bin;C:\Program Files\Intel\WiFi\bin\;C:\Program Files\Common Files\Intel\WirelessCommon\
10 verbose lifecycle recruiterbox@1.0.0~start: CWD: D:\New folder (5)
11 silly lifecycle recruiterbox@1.0.0~start: Args: [ '/d /s /c', 'electron electronMain.js' ]
12 silly lifecycle recruiterbox@1.0.0~start: Returned: code: 3221225786  signal: null
13 info lifecycle recruiterbox@1.0.0~start: Failed to exec start script
14 verbose stack Error: recruiterbox@1.0.0 start: `electron electronMain.js`
14 verbose stack Exit status 3221225786
14 verbose stack     at EventEmitter.<anonymous> (C:\Program Files\nodejs\node_modules\npm\lib\utils\lifecycle.js:255:16)
14 verbose stack     at emitTwo (events.js:106:13)
14 verbose stack     at EventEmitter.emit (events.js:191:7)
14 verbose stack     at ChildProcess.<anonymous> (C:\Program Files\nodejs\node_modules\npm\lib\utils\spawn.js:40:14)
14 verbose stack     at emitTwo (events.js:106:13)
14 verbose stack     at ChildProcess.emit (events.js:191:7)
14 verbose stack     at maybeClose (internal/child_process.js:877:16)
14 verbose stack     at Process.ChildProcess._handle.onexit (internal/child_process.js:226:5)
15 verbose pkgid recruiterbox@1.0.0
16 verbose cwd D:\New folder (5)
17 error Windows_NT 10.0.10586
18 error argv "C:\\Program Files\\nodejs\\node.exe" "C:\\Program Files\\nodejs\\node_modules\\npm\\bin\\npm-cli.js" "start"
19 error node v6.10.0
20 error npm  v3.10.10
21 error code ELIFECYCLE
22 error recruiterbox@1.0.0 start: `electron electronMain.js`
22 error Exit status 3221225786
23 error Failed at the recruiterbox@1.0.0 start script 'electron electronMain.js'.
23 error Make sure you have the latest version of node.js and npm installed.
23 error If you do, this is most likely a problem with the recruiterbox package,
23 error not with npm itself.
23 error Tell the author that this fails on your system:
23 error     electron electronMain.js
23 error You can get information on how to open an issue for this project with:
23 error     npm bugs recruiterbox
23 error Or if that isn't available, you can get their info via:
23 error     npm owner ls recruiterbox
23 error There is likely additional logging output above.
24 verbose exit [ 1, true ]
